Checking whether the ASM compiler is GNU using "--version" did not match "(GNU assembler)|(GCC)|(Free Software Foundation)":
clang version 10.0.0-4ubuntu1 
Target: x86_64-pc-linux-gnu
Thread model: posix
InstalledDir: /usr/lib/llvm-10/bin
Determining if the include file malloc/malloc.h exists failed with the following output:
Change Dir: /root/tc-build/build/llvm/stage1/CMakeFiles/CMakeTmp

Run Build Command(s):/usr/bin/ninja cmTC_ef3c6 && [1/2] Building C object CMakeFiles/cmTC_ef3c6.dir/CheckIncludeFile.c.o
FAILED: CMakeFiles/cmTC_ef3c6.dir/CheckIncludeFile.c.o 
/usr/lib/llvm-10/bin/clang    -o CMakeFiles/cmTC_ef3c6.dir/CheckIncludeFile.c.o   -c CheckIncludeFile.c
CheckIncludeFile.c:1:10: fatal error: 'malloc/malloc.h' file not found
#include <malloc/malloc.h>
         ^~~~~~~~~~~~~~~~~
1 error generated.
ninja: build stopped: subcommand failed.



Determining if the include file valgrind/valgrind.h exists failed with the following output:
Change Dir: /root/tc-build/build/llvm/stage1/CMakeFiles/CMakeTmp

Run Build Command(s):/usr/bin/ninja cmTC_db6be && [1/2] Building C object CMakeFiles/cmTC_db6be.dir/CheckIncludeFile.c.o
FAILED: CMakeFiles/cmTC_db6be.dir/CheckIncludeFile.c.o 
/usr/lib/llvm-10/bin/clang    -o CMakeFiles/cmTC_db6be.dir/CheckIncludeFile.c.o   -c CheckIncludeFile.c
CheckIncludeFile.c:1:10: fatal error: 'valgrind/valgrind.h' file not found
#include <valgrind/valgrind.h>
         ^~~~~~~~~~~~~~~~~~~~~
1 error generated.
ninja: build stopped: subcommand failed.



Determining if the include file mach/mach.h exists failed with the following output:
Change Dir: /root/tc-build/build/llvm/stage1/CMakeFiles/CMakeTmp

Run Build Command(s):/usr/bin/ninja cmTC_9d35a && [1/2] Building C object CMakeFiles/cmTC_9d35a.dir/CheckIncludeFile.c.o
FAILED: CMakeFiles/cmTC_9d35a.dir/CheckIncludeFile.c.o 
/usr/lib/llvm-10/bin/clang    -o CMakeFiles/cmTC_9d35a.dir/CheckIncludeFile.c.o   -c CheckIncludeFile.c
CheckIncludeFile.c:1:10: fatal error: 'mach/mach.h' file not found
#include <mach/mach.h>
         ^~~~~~~~~~~~~
1 error generated.
ninja: build stopped: subcommand failed.



Determining if the include file histedit.h exists failed with the following output:
Change Dir: /root/tc-build/build/llvm/stage1/CMakeFiles/CMakeTmp

Run Build Command(s):/usr/bin/ninja cmTC_2dfd7 && [1/2] Building C object CMakeFiles/cmTC_2dfd7.dir/CheckIncludeFile.c.o
FAILED: CMakeFiles/cmTC_2dfd7.dir/CheckIncludeFile.c.o 
/usr/lib/llvm-10/bin/clang    -o CMakeFiles/cmTC_2dfd7.dir/CheckIncludeFile.c.o   -c CheckIncludeFile.c
CheckIncludeFile.c:1:10: fatal error: 'histedit.h' file not found
#include <histedit.h>
         ^~~~~~~~~~~~
1 error generated.
ninja: build stopped: subcommand failed.



Determining if the include file CrashReporterClient.h exists failed with the following output:
Change Dir: /root/tc-build/build/llvm/stage1/CMakeFiles/CMakeTmp

Run Build Command(s):/usr/bin/ninja cmTC_38da7 && [1/2] Building C object CMakeFiles/cmTC_38da7.dir/CheckIncludeFile.c.o
FAILED: CMakeFiles/cmTC_38da7.dir/CheckIncludeFile.c.o 
/usr/lib/llvm-10/bin/clang    -o CMakeFiles/cmTC_38da7.dir/CheckIncludeFile.c.o   -c CheckIncludeFile.c
CheckIncludeFile.c:1:10: fatal error: 'CrashReporterClient.h' file not found
#include <CrashReporterClient.h>
         ^~~~~~~~~~~~~~~~~~~~~~~
1 error generated.
ninja: build stopped: subcommand failed.



Determining if the function pfm_initialize exists in the pfm failed with the following output:
Change Dir: /root/tc-build/build/llvm/stage1/CMakeFiles/CMakeTmp

Run Build Command(s):/usr/bin/ninja cmTC_23f81 && [1/2] Building C object CMakeFiles/cmTC_23f81.dir/CheckFunctionExists.c.o
[2/2] Linking C executable cmTC_23f81
FAILED: cmTC_23f81 
: && /usr/lib/llvm-10/bin/clang -DCHECK_FUNCTION_EXISTS=pfm_initialize   CMakeFiles/cmTC_23f81.dir/CheckFunctionExists.c.o  -o cmTC_23f81  -lpfm  -lm && :
/usr/bin/ld: cannot find -lpfm
clang: error: linker command failed with exit code 1 (use -v to see invocation)
ninja: build stopped: subcommand failed.



Performing C SOURCE FILE Test CMAKE_HAVE_LIBC_PTHREAD failed with the following output:
Change Dir: /root/tc-build/build/llvm/stage1/CMakeFiles/CMakeTmp

Run Build Command(s):/usr/bin/ninja cmTC_3b5f4 && [1/2] Building C object CMakeFiles/cmTC_3b5f4.dir/src.c.o
[2/2] Linking C executable cmTC_3b5f4
FAILED: cmTC_3b5f4 
: && /usr/lib/llvm-10/bin/clang -DCMAKE_HAVE_LIBC_PTHREAD   CMakeFiles/cmTC_3b5f4.dir/src.c.o  -o cmTC_3b5f4  -lm && :
/usr/bin/ld: CMakeFiles/cmTC_3b5f4.dir/src.c.o: in function `main':
src.c:(.text+0x35): undefined reference to `pthread_create'
/usr/bin/ld: src.c:(.text+0x41): undefined reference to `pthread_detach'
/usr/bin/ld: src.c:(.text+0x53): undefined reference to `pthread_join'
clang: error: linker command failed with exit code 1 (use -v to see invocation)
ninja: build stopped: subcommand failed.


Source file was:
#include <pthread.h>

void* test_func(void* data)
{
  return data;
}

int main(void)
{
  pthread_t thread;
  pthread_create(&thread, NULL, test_func, NULL);
  pthread_detach(thread);
  pthread_join(thread, NULL);
  pthread_atfork(NULL, NULL, NULL);
  pthread_exit(NULL);

  return 0;
}

Determining if the function pthread_create exists in the pthreads failed with the following output:
Change Dir: /root/tc-build/build/llvm/stage1/CMakeFiles/CMakeTmp

Run Build Command(s):/usr/bin/ninja cmTC_ffab2 && [1/2] Building C object CMakeFiles/cmTC_ffab2.dir/CheckFunctionExists.c.o
[2/2] Linking C executable cmTC_ffab2
FAILED: cmTC_ffab2 
: && /usr/lib/llvm-10/bin/clang -DCHECK_FUNCTION_EXISTS=pthread_create   CMakeFiles/cmTC_ffab2.dir/CheckFunctionExists.c.o  -o cmTC_ffab2  -lpthreads  -lm && :
/usr/bin/ld: cannot find -lpthreads
clang: error: linker command failed with exit code 1 (use -v to see invocation)
ninja: build stopped: subcommand failed.



Determining if the function xar_open exists in the xar failed with the following output:
Change Dir: /root/tc-build/build/llvm/stage1/CMakeFiles/CMakeTmp

Run Build Command(s):/usr/bin/ninja cmTC_d1636 && [1/2] Building C object CMakeFiles/cmTC_d1636.dir/CheckFunctionExists.c.o
[2/2] Linking C executable cmTC_d1636
FAILED: cmTC_d1636 
: && /usr/lib/llvm-10/bin/clang -DCHECK_FUNCTION_EXISTS=xar_open   CMakeFiles/cmTC_d1636.dir/CheckFunctionExists.c.o  -o cmTC_d1636  -lxar  -lm && :
/usr/bin/ld: cannot find -lxar
clang: error: linker command failed with exit code 1 (use -v to see invocation)
ninja: build stopped: subcommand failed.



Determining if the arc4random exist failed with the following output:
Change Dir: /root/tc-build/build/llvm/stage1/CMakeFiles/CMakeTmp

Run Build Command(s):/usr/bin/ninja cmTC_7d338 && [1/2] Building C object CMakeFiles/cmTC_7d338.dir/CheckSymbolExists.c.o
FAILED: CMakeFiles/cmTC_7d338.dir/CheckSymbolExists.c.o 
/usr/lib/llvm-10/bin/clang    -o CMakeFiles/cmTC_7d338.dir/CheckSymbolExists.c.o   -c CheckSymbolExists.c
CheckSymbolExists.c:8:19: error: use of undeclared identifier 'arc4random'; did you mean 'srandom'?
  return ((int*)(&arc4random))[argc];
                  ^~~~~~~~~~
                  srandom
/usr/include/stdlib.h:404:13: note: 'srandom' declared here
extern void srandom (unsigned int __seed) __THROW;
            ^
1 error generated.
ninja: build stopped: subcommand failed.


File /root/tc-build/build/llvm/stage1/CMakeFiles/CMakeTmp/CheckSymbolExists.c:
/* */
#include <stdlib.h>

int main(int argc, char** argv)
{
  (void)argv;
#ifndef arc4random
  return ((int*)(&arc4random))[argc];
#else
  (void)argc;
  return 0;
#endif
}
Determining if the mallctl exist failed with the following output:
Change Dir: /root/tc-build/build/llvm/stage1/CMakeFiles/CMakeTmp

Run Build Command(s):/usr/bin/ninja cmTC_87f72 && [1/2] Building C object CMakeFiles/cmTC_87f72.dir/CheckSymbolExists.c.o
FAILED: CMakeFiles/cmTC_87f72.dir/CheckSymbolExists.c.o 
/usr/lib/llvm-10/bin/clang   -Werror=unguarded-availability-new -o CMakeFiles/cmTC_87f72.dir/CheckSymbolExists.c.o   -c CheckSymbolExists.c
CheckSymbolExists.c:2:10: fatal error: 'malloc_np.h' file not found
#include <malloc_np.h>
         ^~~~~~~~~~~~~
1 error generated.
ninja: build stopped: subcommand failed.


File /root/tc-build/build/llvm/stage1/CMakeFiles/CMakeTmp/CheckSymbolExists.c:
/* */
#include <malloc_np.h>

int main(int argc, char** argv)
{
  (void)argv;
#ifndef mallctl
  return ((int*)(&mallctl))[argc];
#else
  (void)argc;
  return 0;
#endif
}
Determining if the malloc_zone_statistics exist failed with the following output:
Change Dir: /root/tc-build/build/llvm/stage1/CMakeFiles/CMakeTmp

Run Build Command(s):/usr/bin/ninja cmTC_c1ef9 && [1/2] Building C object CMakeFiles/cmTC_c1ef9.dir/CheckSymbolExists.c.o
FAILED: CMakeFiles/cmTC_c1ef9.dir/CheckSymbolExists.c.o 
/usr/lib/llvm-10/bin/clang   -Werror=unguarded-availability-new -o CMakeFiles/cmTC_c1ef9.dir/CheckSymbolExists.c.o   -c CheckSymbolExists.c
CheckSymbolExists.c:2:10: fatal error: 'malloc/malloc.h' file not found
#include <malloc/malloc.h>
         ^~~~~~~~~~~~~~~~~
1 error generated.
ninja: build stopped: subcommand failed.


File /root/tc-build/build/llvm/stage1/CMakeFiles/CMakeTmp/CheckSymbolExists.c:
/* */
#include <malloc/malloc.h>

int main(int argc, char** argv)
{
  (void)argv;
#ifndef malloc_zone_statistics
  return ((int*)(&malloc_zone_statistics))[argc];
#else
  (void)argc;
  return 0;
#endif
}
Determining if the strerror_s exist failed with the following output:
Change Dir: /root/tc-build/build/llvm/stage1/CMakeFiles/CMakeTmp

Run Build Command(s):/usr/bin/ninja cmTC_09982 && [1/2] Building C object CMakeFiles/cmTC_09982.dir/CheckSymbolExists.c.o
FAILED: CMakeFiles/cmTC_09982.dir/CheckSymbolExists.c.o 
/usr/lib/llvm-10/bin/clang   -Werror=unguarded-availability-new -o CMakeFiles/cmTC_09982.dir/CheckSymbolExists.c.o   -c CheckSymbolExists.c
CheckSymbolExists.c:8:19: error: use of undeclared identifier 'strerror_s'
  return ((int*)(&strerror_s))[argc];
                  ^
1 error generated.
ninja: build stopped: subcommand failed.


File /root/tc-build/build/llvm/stage1/CMakeFiles/CMakeTmp/CheckSymbolExists.c:
/* */
#include <string.h>

int main(int argc, char** argv)
{
  (void)argv;
#ifndef strerror_s
  return ((int*)(&strerror_s))[argc];
#else
  (void)argc;
  return 0;
#endif
}
Determining if the dladdr exist failed with the following output:
Change Dir: /root/tc-build/build/llvm/stage1/CMakeFiles/CMakeTmp

Run Build Command(s):/usr/bin/ninja cmTC_966ff && [1/2] Building C object CMakeFiles/cmTC_966ff.dir/CheckSymbolExists.c.o
FAILED: CMakeFiles/cmTC_966ff.dir/CheckSymbolExists.c.o 
/usr/lib/llvm-10/bin/clang   -Werror=unguarded-availability-new -o CMakeFiles/cmTC_966ff.dir/CheckSymbolExists.c.o   -c CheckSymbolExists.c
CheckSymbolExists.c:8:19: error: use of undeclared identifier 'dladdr'
  return ((int*)(&dladdr))[argc];
                  ^
1 error generated.
ninja: build stopped: subcommand failed.


File /root/tc-build/build/llvm/stage1/CMakeFiles/CMakeTmp/CheckSymbolExists.c:
/* */
#include <dlfcn.h>

int main(int argc, char** argv)
{
  (void)argv;
#ifndef dladdr
  return ((int*)(&dladdr))[argc];
#else
  (void)argc;
  return 0;
#endif
}
Performing C SOURCE FILE Test HAVE_STRUCT_STAT_ST_MTIMESPEC_TV_NSEC failed with the following output:
Change Dir: /root/tc-build/build/llvm/stage1/CMakeFiles/CMakeTmp

Run Build Command(s):/usr/bin/ninja cmTC_e4e20 && [1/2] Building C object CMakeFiles/cmTC_e4e20.dir/src.c.o
FAILED: CMakeFiles/cmTC_e4e20.dir/src.c.o 
/usr/lib/llvm-10/bin/clang   -DHAVE_STRUCT_STAT_ST_MTIMESPEC_TV_NSEC  -Werror=unguarded-availability-new -o CMakeFiles/cmTC_e4e20.dir/src.c.o   -c src.c
src.c:7:36: error: no member named 'st_mtimespec' in 'struct stat'
  (void)sizeof(((struct stat *)0)->st_mtimespec.tv_nsec);
               ~~~~~~~~~~~~~~~~~~  ^
1 error generated.
ninja: build stopped: subcommand failed.


Source file was:

#include <sys/types.h>
#include <sys/stat.h>

int main()
{
  (void)sizeof(((struct stat *)0)->st_mtimespec.tv_nsec);
  return 0;
}

Determining if the os_signpost_interval_begin exist failed with the following output:
Change Dir: /root/tc-build/build/llvm/stage1/CMakeFiles/CMakeTmp

Run Build Command(s):/usr/bin/ninja cmTC_a0986 && [1/2] Building C object CMakeFiles/cmTC_a0986.dir/CheckSymbolExists.c.o
FAILED: CMakeFiles/cmTC_a0986.dir/CheckSymbolExists.c.o 
/usr/lib/llvm-10/bin/clang -D_GNU_SOURCE  -fPIC -Werror=date-time -Werror=unguarded-availability-new -w -fdiagnostics-color -ffunction-sections -fdata-sections -fexperimental-new-pass-manager -flto=thin  -Werror=unguarded-availability-new -o CMakeFiles/cmTC_a0986.dir/CheckSymbolExists.c.o   -c CheckSymbolExists.c
CheckSymbolExists.c:2:10: fatal error: 'os/signpost.h' file not found
#include <os/signpost.h>
         ^~~~~~~~~~~~~~~
1 error generated.
ninja: build stopped: subcommand failed.


File /root/tc-build/build/llvm/stage1/CMakeFiles/CMakeTmp/CheckSymbolExists.c:
/* */
#include <os/signpost.h>

int main(int argc, char** argv)
{
  (void)argv;
#ifndef os_signpost_interval_begin
  return ((int*)(&os_signpost_interval_begin))[argc];
#else
  (void)argc;
  return 0;
#endif
}
Performing C SOURCE FILE Test HAVE_DECL__BITSCANFORWARD failed with the following output:
Change Dir: /root/tc-build/build/llvm/stage1/CMakeFiles/CMakeTmp

Run Build Command(s):/usr/bin/ninja cmTC_aadbf && [1/2] Building C object CMakeFiles/cmTC_aadbf.dir/src.c.o
FAILED: CMakeFiles/cmTC_aadbf.dir/src.c.o 
/usr/lib/llvm-10/bin/clang -D_GNU_SOURCE  -fPIC -Werror=date-time -Werror=unguarded-availability-new -w -fdiagnostics-color -ffunction-sections -fdata-sections -fexperimental-new-pass-manager -flto=thin -DHAVE_DECL__BITSCANFORWARD  -Werror=unguarded-availability-new -o CMakeFiles/cmTC_aadbf.dir/src.c.o   -c src.c
In file included from src.c:2:
/usr/lib/llvm-10/lib/clang/10.0.0/include/intrin.h:12:15: fatal error: 'intrin.h' file not found
#include_next <intrin.h>
              ^~~~~~~~~~
1 error generated.
ninja: build stopped: subcommand failed.


Source file was:

  #include <intrin.h>
  int main() { (void)_BitScanForward(NULL, 0); return 0; }
  
Performing C SOURCE FILE Test HAVE_DECL__STRICMP failed with the following output:
Change Dir: /root/tc-build/build/llvm/stage1/CMakeFiles/CMakeTmp

Run Build Command(s):/usr/bin/ninja cmTC_a2b43 && [1/2] Building C object CMakeFiles/cmTC_a2b43.dir/src.c.o
[2/2] Linking C executable cmTC_a2b43
FAILED: cmTC_a2b43 
: && /usr/lib/llvm-10/bin/clang -fPIC -Werror=date-time -Werror=unguarded-availability-new -w -fdiagnostics-color -ffunction-sections -fdata-sections -fexperimental-new-pass-manager -flto=thin -DHAVE_DECL__STRICMP  -Werror=unguarded-availability-new  -fuse-ld=/usr/lib/llvm-10/bin/ld.lld -Wl,--color-diagnostics -fexperimental-new-pass-manager -flto=thin -Wl,-allow-shlib-undefined CMakeFiles/cmTC_a2b43.dir/src.c.o  -o cmTC_a2b43  -lm && :
ld.lld: error: undefined symbol: _stricmp
>>> referenced by src.c
>>>               lto.tmp:(main)
clang: error: linker command failed with exit code 1 (use -v to see invocation)
ninja: build stopped: subcommand failed.


Source file was:

  #include <string.h>
  int main() { (void)_stricmp("", ""); return 0; }
  
Performing C SOURCE FILE Test HAVE_DECL__STRNICMP failed with the following output:
Change Dir: /root/tc-build/build/llvm/stage1/CMakeFiles/CMakeTmp

Run Build Command(s):/usr/bin/ninja cmTC_ee6f3 && [1/2] Building C object CMakeFiles/cmTC_ee6f3.dir/src.c.o
[2/2] Linking C executable cmTC_ee6f3
FAILED: cmTC_ee6f3 
: && /usr/lib/llvm-10/bin/clang -fPIC -Werror=date-time -Werror=unguarded-availability-new -w -fdiagnostics-color -ffunction-sections -fdata-sections -fexperimental-new-pass-manager -flto=thin -DHAVE_DECL__STRNICMP  -Werror=unguarded-availability-new  -fuse-ld=/usr/lib/llvm-10/bin/ld.lld -Wl,--color-diagnostics -fexperimental-new-pass-manager -flto=thin -Wl,-allow-shlib-undefined CMakeFiles/cmTC_ee6f3.dir/src.c.o  -o cmTC_ee6f3  -lm && :
ld.lld: error: undefined symbol: _strnicmp
>>> referenced by src.c
>>>               lto.tmp:(main)
clang: error: linker command failed with exit code 1 (use -v to see invocation)
ninja: build stopped: subcommand failed.


Source file was:

  #include <string.h>
  int main() { (void)_strnicmp("", "", 0); return 0; }
  
Performing C SOURCE FILE Test HAVE_DECL__SNPRINTF failed with the following output:
Change Dir: /root/tc-build/build/llvm/stage1/CMakeFiles/CMakeTmp

Run Build Command(s):/usr/bin/ninja cmTC_4fe4c && [1/2] Building C object CMakeFiles/cmTC_4fe4c.dir/src.c.o
[2/2] Linking C executable cmTC_4fe4c
FAILED: cmTC_4fe4c 
: && /usr/lib/llvm-10/bin/clang -fPIC -Werror=date-time -Werror=unguarded-availability-new -w -fdiagnostics-color -ffunction-sections -fdata-sections -fexperimental-new-pass-manager -flto=thin -DHAVE_DECL__SNPRINTF  -Werror=unguarded-availability-new  -fuse-ld=/usr/lib/llvm-10/bin/ld.lld -Wl,--color-diagnostics -fexperimental-new-pass-manager -flto=thin -Wl,-allow-shlib-undefined CMakeFiles/cmTC_4fe4c.dir/src.c.o  -o cmTC_4fe4c  -lm && :
ld.lld: error: undefined symbol: _snprintf
>>> referenced by src.c
>>>               lto.tmp:(main)
>>> did you mean: __snprintf
>>> defined in: /lib/x86_64-linux-gnu/libc.so.6
clang: error: linker command failed with exit code 1 (use -v to see invocation)
ninja: build stopped: subcommand failed.


Source file was:

  #include <stdio.h>
  int main() { _snprintf((void*)0, 0, " "); return 0; }
  
Performing C SOURCE FILE Test HAVE_UINT8T failed with the following output:
Change Dir: /root/tc-build/build/llvm/stage1/CMakeFiles/CMakeTmp

Run Build Command(s):/usr/bin/ninja cmTC_306ab && [1/2] Building C object CMakeFiles/cmTC_306ab.dir/src.c.o
FAILED: CMakeFiles/cmTC_306ab.dir/src.c.o 
/usr/lib/llvm-10/bin/clang -D_GNU_SOURCE  -fPIC -Werror=date-time -Werror=unguarded-availability-new -w -fdiagnostics-color -ffunction-sections -fdata-sections -fexperimental-new-pass-manager -flto=thin -DHAVE_UINT8T  -Werror=unguarded-availability-new -o CMakeFiles/cmTC_306ab.dir/src.c.o   -c src.c
src.c:3:5: error: unknown type name 'uint8_t'
    uint8_t typeVar;
    ^
1 error generated.
ninja: build stopped: subcommand failed.


Source file was:

    
    uint8_t typeVar;
    int main() {
    return 0;
    }
    
Performing C SOURCE FILE Test HAVE_SYS_INTTYPES_H failed with the following output:
Change Dir: /root/tc-build/build/llvm/stage1/CMakeFiles/CMakeTmp

Run Build Command(s):/usr/bin/ninja cmTC_f4a2c && [1/2] Building C object CMakeFiles/cmTC_f4a2c.dir/src.c.o
FAILED: CMakeFiles/cmTC_f4a2c.dir/src.c.o 
/usr/lib/llvm-10/bin/clang -D_GNU_SOURCE  -fPIC -Werror=date-time -Werror=unguarded-availability-new -w -fdiagnostics-color -ffunction-sections -fdata-sections -fexperimental-new-pass-manager -flto=thin -DHAVE_SYS_INTTYPES_H  -Werror=unguarded-availability-new -o CMakeFiles/cmTC_f4a2c.dir/src.c.o   -c src.c
src.c:4:5: error: unknown type name 'uint8_t'
    uint8_t typeVar;
    ^
1 error generated.
ninja: build stopped: subcommand failed.


Source file was:

    #include<sys/types.h>

    uint8_t typeVar;
    int main() {
    return 0;
    }
    
Performing C++ SOURCE FILE Test HAVE_CXX_FLAG_WD654 failed with the following output:
Change Dir: /root/tc-build/build/llvm/stage1/CMakeFiles/CMakeTmp

Run Build Command(s):/usr/bin/ninja cmTC_2aec7 && [1/2] Building CXX object CMakeFiles/cmTC_2aec7.dir/src.cxx.o
FAILED: CMakeFiles/cmTC_2aec7.dir/src.cxx.o 
/usr/lib/llvm-10/bin/clang++    -fPIC -fvisibility-inlines-hidden -Werror=date-time -Werror=unguarded-availability-new -w -fdiagnostics-color -ffunction-sections -fdata-sections -fexperimental-new-pass-manager -flto=thin  -std=c++11  -Wall  -Wextra  -Wshadow  -pedantic  -pedantic-errors  -Wshorten-64-to-32  -Wfloat-equal  -fstrict-aliasing  -fno-exceptions  -Wstrict-aliasing -DHAVE_CXX_FLAG_WD654  -Werror=unguarded-availability-new -wd654   -wd654 -std=c++14 -o CMakeFiles/cmTC_2aec7.dir/src.cxx.o -c src.cxx
clang: error: unknown argument: '-wd654'
clang: error: unknown argument: '-wd654'
ninja: build stopped: subcommand failed.


Source file was:
int main() { return 0; }
